<?xml version="1.0" encoding="UTF-8"?>
<testng-results ignored="0" total="1" passed="1" failed="0" skipped="0">
  <reporter-output>
  </reporter-output>
  <suite started-at="2026-01-21T16:24:27 EET" name="CabServiceSuite" finished-at="2026-01-21T16:24:27 EET" duration-ms="36">
    <groups>
    </groups>
    <test started-at="2026-01-21T16:24:27 EET" name="SmokeTests" finished-at="2026-01-21T16:24:27 EET" duration-ms="36">
      <class name="com.cabservice.tests.SmokeTest">
        <test-method signature="basicSmokeTest()[pri:0, instance:com.cabservice.tests.SmokeTest@5be6e01c]" started-at="2026-01-21T16:24:27 EET" name="basicSmokeTest" finished-at="2026-01-21T16:24:27 EET" duration-ms="5" status="PASS">
          <reporter-output>
          </reporter-output>
        </test-method> <!-- basicSmokeTest -->
      </class> <!-- com.cabservice.tests.SmokeTest -->
    </test> <!-- SmokeTests -->
  </suite> <!-- CabServiceSuite -->
</testng-results>
